<?xml version="1.0" encoding="UTF-8"?>
<!-- Generated by org.testng.reporters.JUnitXMLReporter -->
<testsuite hostname="ASDP1534PO01976" ignored="0" name="Default test" tests="5" failures="0" timestamp="26 Jun 2018 11:12:48 GMT" time="0.093" errors="0">
  <testcase name="Delete_UnregisterPlayer" time="0.004" classname="Test.Java.LastTestCase"/>
  <testcase name="Game_In_progress_Exception" time="0.012" classname="Test.Java.LastTestCase"/>
  <testcase name="Invalid_Turn_exception" time="0.006" classname="Test.Java.LastTestCase"/>
  <testcase name="Max_Player" time="0.005" classname="Test.Java.LastTestCase"/>
  <testcase name="Player_Exist" time="0.003" classname="Test.Java.LastTestCase"/>
</testsuite> <!-- Default test -->
